Terminales no usados en gramática

   STRING
   ESPTAB
   OPERADOR
   IDENTIFICADOR
   FALSE
   CLASS
   FINALLY
   IS
   RETURN
   NONE
   CONTINUE
   FOR
   LAMBDA
   TRY
   TRUE
   DEF
   FROM
   NONLOCAL
   WHILE
   AND
   DEL
   GLOBAL
   NOT
   WITH
   AS
   ELIF
   IF
   OR
   YIELD
   ASSERT
   ELSE
   IMPORT
   PASS
   BREAK
   EXCEPT
   IN
   RAISE
   NIGUAL
   DIGUAL
   MAIGUAL
   MEIGUAL
   MAYOR
   MENOR
   ENETILDE
   CIRCUNFLEJO
   PIPE
   AMPERSON
   DMAYOR
   DMENOR
   PORCEN
   DDIAG
   DIAG
   DASTERISCO
   ASTERISCO
   MENOS
   MAS
   APAREN
   CPAREN
   ACORCHETE
   CCORCHETE
   ALLAVE
   CLLAVE
   COMA
   DPUNTO
   PUNTO
   PCOMA
   AT
   IGUAL
   MENOSMAYOR
   MASIGUAL
   MENOSIGUAL
   ASTIGUAL
   DIAIGUAL
   DDIAIGUAL
   PORIGUAL
   AMPIGUAL
   PIPEIGUAL
   CIRCIGUAL
   DMAYORIGUAL
   DMENORIGUAL
   DASTIGUAL
   MENORMAYOR
   CSIMPLE
   IDIAG
   GATO
   DIDIAG
   NEWLINE
   ENTERO
   FLOTANTE
   INDENT
   SALIDA
   DEDENT
   FIN


Gramática

    0 $accept: GOAL $end

    1 GOAL: PRINT


Terminales con las reglas donde aparecen

$end (0) 0
error (256)
STRING (258)
ESPTAB (259)
OPERADOR (260)
IDENTIFICADOR (261)
PRINT (262) 1
FALSE (263)
CLASS (264)
FINALLY (265)
IS (266)
RETURN (267)
NONE (268)
CONTINUE (269)
FOR (270)
LAMBDA (271)
TRY (272)
TRUE (273)
DEF (274)
FROM (275)
NONLOCAL (276)
WHILE (277)
AND (278)
DEL (279)
GLOBAL (280)
NOT (281)
WITH (282)
AS (283)
ELIF (284)
IF (285)
OR (286)
YIELD (287)
ASSERT (288)
ELSE (289)
IMPORT (290)
PASS (291)
BREAK (292)
EXCEPT (293)
IN (294)
RAISE (295)
NIGUAL (296)
DIGUAL (297)
MAIGUAL (298)
MEIGUAL (299)
MAYOR (300)
MENOR (301)
ENETILDE (302)
CIRCUNFLEJO (303)
PIPE (304)
AMPERSON (305)
DMAYOR (306)
DMENOR (307)
PORCEN (308)
DDIAG (309)
DIAG (310)
DASTERISCO (311)
ASTERISCO (312)
MENOS (313)
MAS (314)
APAREN (315)
CPAREN (316)
ACORCHETE (317)
CCORCHETE (318)
ALLAVE (319)
CLLAVE (320)
COMA (321)
DPUNTO (322)
PUNTO (323)
PCOMA (324)
AT (325)
IGUAL (326)
MENOSMAYOR (327)
MASIGUAL (328)
MENOSIGUAL (329)
ASTIGUAL (330)
DIAIGUAL (331)
DDIAIGUAL (332)
PORIGUAL (333)
AMPIGUAL (334)
PIPEIGUAL (335)
CIRCIGUAL (336)
DMAYORIGUAL (337)
DMENORIGUAL (338)
DASTIGUAL (339)
MENORMAYOR (340)
CSIMPLE (341)
IDIAG (342)
GATO (343)
DIDIAG (344)
NEWLINE (345)
ENTERO (346)
FLOTANTE (347)
INDENT (348)
SALIDA (349)
DEDENT (350)
FIN (351)


No terminales con las reglas donde aparecen

$accept (97)
    en la izquierda: 0
GOAL (98)
    en la izquierda: 1, en la derecha: 0


State 0

    0 $accept: . GOAL $end

    PRINT  desplazar e ir al estado 1

    GOAL  ir al estado 2


State 1

    1 GOAL: PRINT .

    $default  reduce usando la regla 1 (GOAL)


State 2

    0 $accept: GOAL . $end

    $end  desplazar e ir al estado 3


State 3

    0 $accept: GOAL $end .

    $default  aceptar
