No terminales inútiles en gramática

   comaS
   expr_stmt_aux_b_a
   exprlist
   exprlist_aux
   s15
   s29
   s30
   s31
   s32
   string_aux


Terminales no usados en gramática

   ESPTAB
   OPERADOR
   CLASS
   FINALLY
   NONE
   LAMBDA
   TRY
   DEF
   FROM
   NONLOCAL
   GLOBAL
   WITH
   AS
   YIELD
   ASSERT
   IMPORT
   EXCEPT
   RAISE
   EXEC
   ENETILDE
   DASTERISCO
   ACORCHETE
   CCORCHETE
   ALLAVE
   CLLAVE
   PUNTO
   AT
   IGUAL
   MENOSMAYOR
   CSIMPLE
   IDIAG
   GATO
   DIDIAG
   SALIDA
   FIN


Estado 35 conflictos: 21 reducción(ones)/reducción(ones)
Estado 37 conflictos: 21 reducción(ones)/reducción(ones)


Gramática

    0 $accept: GOAL $end

    1 GOAL: file_input

    2 file_input: NEWLINE file_input
    3           | stmt file_input
    4           | %empty

    5 stmt: simple_stmt
    6     | compound_stmt

    7 simple_stmt: small_stmt simple_stmt_aux NEWLINE

    8 simple_stmt_aux: PCOMA small_stmt simple_stmt_aux
    9                | ss_aux

   10 ss_aux: PCOMA
   11       | %empty

   12 small_stmt: expr_stmt
   13           | print_stmt
   14           | del_stmt
   15           | pass_stmt
   16           | flow_stmt

   17 expr_stmt: IDENTIFICADOR expr_stmt_aux_b
   18          | test

   19 expr_stmt_aux_b: augassign test

   20 augassign: MASIGUAL
   21          | MENOSIGUAL
   22          | ASTIGUAL
   23          | DIAIGUAL
   24          | PORIGUAL
   25          | AMPIGUAL
   26          | PIPEIGUAL
   27          | CIRCIGUAL
   28          | DMENORIGUAL
   29          | DMAYORIGUAL
   30          | DASTIGUAL
   31          | DDIAIGUAL

   32 print_stmt: PRINT test

   33 del_stmt: DEL IDENTIFICADOR

   34 pass_stmt: PASS

   35 flow_stmt: break_stmt
   36          | continue_stmt
   37          | return_stmt

   38 break_stmt: BREAK

   39 continue_stmt: CONTINUE

   40 return_stmt: RETURN return_stmt_aux

   41 return_stmt_aux: test
   42                | %empty

   43 $@1: %empty

   44 compound_stmt: if_stmt $@1 if_else_stmt
   45              | while_stmt
   46              | while_else_stmt
   47              | for_stmt
   48              | for_else_stmt

   49 if_stmt: IF test DPUNTO NEWLINE suite if_stmt_aux

   50 if_else_stmt: if_stmt s8

   51 if_stmt_aux: ELIF test DPUNTO NEWLINE suite if_stmt_aux
   52            | %empty

   53 s8: ELSE DPUNTO NEWLINE suite
   54   | %empty

   55 while_stmt: WHILE test DPUNTO NEWLINE suite

   56 while_else_stmt: while_stmt s8

   57 for_stmt: FOR IDENTIFICADOR IN testlist DPUNTO NEWLINE suite

   58 for_else_stmt: for_stmt s8

   59 suite: simple_stmt
   60      | INDENT stmt suite_aux DEDENT

   61 suite_aux: stmt suite_aux
   62          | %empty

   63 test: or_test

   64 or_test: and_test or_test_aux

   65 or_test_aux: OR and_test or_test_aux
   66            | %empty

   67 and_test: not_test and_test_aux

   68 and_test_aux: AND not_test and_test_aux
   69             | %empty

   70 not_test: NOT not_test
   71         | comparison

   72 comparison: expr comparison_aux

   73 comparison_aux: comp_op expr comparison_aux
   74               | %empty

   75 comp_op: MENOR
   76        | MAYOR
   77        | DIGUAL
   78        | MAIGUAL
   79        | MEIGUAL
   80        | MENORMAYOR
   81        | NIGUAL
   82        | IN
   83        | NOT IN
   84        | IS
   85        | IS NOT

   86 expr: xor_expr expr_aux

   87 expr_aux: PIPE xor_expr expr_aux
   88         | %empty

   89 xor_expr: and_expr xor_expr_aux

   90 xor_expr_aux: CIRCUNFLEJO and_expr xor_expr_aux
   91             | %empty

   92 and_expr: shift_expr and_expr_aux

   93 and_expr_aux: AMPERSON shift_expr and_expr_aux
   94             | %empty

   95 shift_expr: arith_expr shift_expr_aux

   96 shift_expr_aux: DMENOR arith_expr shift_expr_aux
   97               | DMAYOR arith_expr shift_expr_aux
   98               | %empty

   99 arith_expr: term arith_expr_aux

  100 arith_expr_aux: ae_aux term arith_expr_aux
  101               | %empty

  102 ae_aux: MAS
  103       | MENOS

  104 term: factor term_aux

  105 term_aux: t_aux factor term_aux
  106         | %empty

  107 t_aux: ASTERISCO
  108      | DIAG
  109      | PORCEN
  110      | DDIAG

  111 factor: ae_aux factor
  112       | atom

  113 atom: IDENTIFICADOR
  114     | FLOTANTE
  115     | ENTERO
  116     | STRING
  117     | TRUE
  118     | FALSE

  119 testlist: APAREN testlist_aux CPAREN

  120 testlist_aux: test r2
  121             | %empty

  122 r2: COMA test r2
  123   | %empty


Terminales con las reglas donde aparecen

$end (0) 0
error (256)
STRING (258) 116
ESPTAB (259)
OPERADOR (260)
IDENTIFICADOR (261) 17 33 57 113
PRINT (262) 32
FALSE (263) 118
CLASS (264)
FINALLY (265)
IS (266) 84 85
RETURN (267) 40
NONE (268)
CONTINUE (269) 39
FOR (270) 57
LAMBDA (271)
TRY (272)
TRUE (273) 117
DEF (274)
FROM (275)
NONLOCAL (276)
WHILE (277) 55
AND (278) 68
DEL (279) 33
GLOBAL (280)
NOT (281) 70 83 85
WITH (282)
AS (283)
ELIF (284) 51
IF (285) 49
OR (286) 65
YIELD (287)
ASSERT (288)
ELSE (289) 53
IMPORT (290)
PASS (291) 34
BREAK (292) 38
EXCEPT (293)
IN (294) 57 82 83
RAISE (295)
EXEC (296)
NIGUAL (297) 81
DIGUAL (298) 77
MAIGUAL (299) 78
MEIGUAL (300) 79
MAYOR (301) 76
MENOR (302) 75
ENETILDE (303)
CIRCUNFLEJO (304) 90
PIPE (305) 87
AMPERSON (306) 93
DMAYOR (307) 97
DMENOR (308) 96
PORCEN (309) 109
DDIAG (310) 110
DIAG (311) 108
DASTERISCO (312)
ASTERISCO (313) 107
MENOS (314) 103
MAS (315) 102
APAREN (316) 119
CPAREN (317) 119
ACORCHETE (318)
CCORCHETE (319)
ALLAVE (320)
CLLAVE (321)
COMA (322) 122
DPUNTO (323) 49 51 53 55 57
PUNTO (324)
PCOMA (325) 8 10
AT (326)
IGUAL (327)
MENOSMAYOR (328)
MASIGUAL (329) 20
MENOSIGUAL (330) 21
ASTIGUAL (331) 22
DIAIGUAL (332) 23
DDIAIGUAL (333) 31
PORIGUAL (334) 24
AMPIGUAL (335) 25
PIPEIGUAL (336) 26
CIRCIGUAL (337) 27
DMAYORIGUAL (338) 29
DMENORIGUAL (339) 28
DASTIGUAL (340) 30
MENORMAYOR (341) 80
CSIMPLE (342)
IDIAG (343)
GATO (344)
DIDIAG (345)
NEWLINE (346) 2 7 49 51 53 55 57
ENTERO (347) 115
FLOTANTE (348) 114
INDENT (349) 60
SALIDA (350)
DEDENT (351) 60
FIN (352)


No terminales con las reglas donde aparecen

$accept (98)
    en la izquierda: 0
GOAL (99)
    en la izquierda: 1, en la derecha: 0
file_input (100)
    en la izquierda: 2 3 4, en la derecha: 1 2 3
stmt (101)
    en la izquierda: 5 6, en la derecha: 3 60 61
simple_stmt (102)
    en la izquierda: 7, en la derecha: 5 59
simple_stmt_aux (103)
    en la izquierda: 8 9, en la derecha: 7 8
ss_aux (104)
    en la izquierda: 10 11, en la derecha: 9
small_stmt (105)
    en la izquierda: 12 13 14 15 16, en la derecha: 7 8
expr_stmt (106)
    en la izquierda: 17 18, en la derecha: 12
expr_stmt_aux_b (107)
    en la izquierda: 19, en la derecha: 17
augassign (108)
    en la izquierda: 20 21 22 23 24 25 26 27 28 29 30 31, en la derecha:
    19
print_stmt (109)
    en la izquierda: 32, en la derecha: 13
del_stmt (110)
    en la izquierda: 33, en la derecha: 14
pass_stmt (111)
    en la izquierda: 34, en la derecha: 15
flow_stmt (112)
    en la izquierda: 35 36 37, en la derecha: 16
break_stmt (113)
    en la izquierda: 38, en la derecha: 35
continue_stmt (114)
    en la izquierda: 39, en la derecha: 36
return_stmt (115)
    en la izquierda: 40, en la derecha: 37
return_stmt_aux (116)
    en la izquierda: 41 42, en la derecha: 40
compound_stmt (117)
    en la izquierda: 44 45 46 47 48, en la derecha: 6
$@1 (118)
    en la izquierda: 43, en la derecha: 44
if_stmt (119)
    en la izquierda: 49, en la derecha: 44 50
if_else_stmt (120)
    en la izquierda: 50, en la derecha: 44
if_stmt_aux (121)
    en la izquierda: 51 52, en la derecha: 49 51
s8 (122)
    en la izquierda: 53 54, en la derecha: 50 56 58
while_stmt (123)
    en la izquierda: 55, en la derecha: 45 56
while_else_stmt (124)
    en la izquierda: 56, en la derecha: 46
for_stmt (125)
    en la izquierda: 57, en la derecha: 47 58
for_else_stmt (126)
    en la izquierda: 58, en la derecha: 48
suite (127)
    en la izquierda: 59 60, en la derecha: 49 51 53 55 57
suite_aux (128)
    en la izquierda: 61 62, en la derecha: 60 61
test (129)
    en la izquierda: 63, en la derecha: 18 19 32 41 49 51 55 120 122
or_test (130)
    en la izquierda: 64, en la derecha: 63
or_test_aux (131)
    en la izquierda: 65 66, en la derecha: 64 65
and_test (132)
    en la izquierda: 67, en la derecha: 64 65
and_test_aux (133)
    en la izquierda: 68 69, en la derecha: 67 68
not_test (134)
    en la izquierda: 70 71, en la derecha: 67 68 70
comparison (135)
    en la izquierda: 72, en la derecha: 71
comparison_aux (136)
    en la izquierda: 73 74, en la derecha: 72 73
comp_op (137)
    en la izquierda: 75 76 77 78 79 80 81 82 83 84 85, en la derecha:
    73
expr (138)
    en la izquierda: 86, en la derecha: 72 73
expr_aux (139)
    en la izquierda: 87 88, en la derecha: 86 87
xor_expr (140)
    en la izquierda: 89, en la derecha: 86 87
xor_expr_aux (141)
    en la izquierda: 90 91, en la derecha: 89 90
and_expr (142)
    en la izquierda: 92, en la derecha: 89 90
and_expr_aux (143)
    en la izquierda: 93 94, en la derecha: 92 93
shift_expr (144)
    en la izquierda: 95, en la derecha: 92 93
shift_expr_aux (145)
    en la izquierda: 96 97 98, en la derecha: 95 96 97
arith_expr (146)
    en la izquierda: 99, en la derecha: 95 96 97
arith_expr_aux (147)
    en la izquierda: 100 101, en la derecha: 99 100
ae_aux (148)
    en la izquierda: 102 103, en la derecha: 100 111
term (149)
    en la izquierda: 104, en la derecha: 99 100
term_aux (150)
    en la izquierda: 105 106, en la derecha: 104 105
t_aux (151)
    en la izquierda: 107 108 109 110, en la derecha: 105
factor (152)
    en la izquierda: 111 112, en la derecha: 104 105 111
atom (153)
    en la izquierda: 113 114 115 116 117 118, en la derecha: 112
testlist (154)
    en la izquierda: 119, en la derecha: 57
testlist_aux (155)
    en la izquierda: 120 121, en la derecha: 119
r2 (156)
    en la izquierda: 122 123, en la derecha: 120 122


State 0

    0 $accept: . GOAL $end

    STRING         desplazar e ir al estado 1
    IDENTIFICADOR  desplazar e ir al estado 2
    PRINT          desplazar e ir al estado 3
    FALSE          desplazar e ir al estado 4
    RETURN         desplazar e ir al estado 5
    CONTINUE       desplazar e ir al estado 6
    FOR            desplazar e ir al estado 7
    TRUE           desplazar e ir al estado 8
    WHILE          desplazar e ir al estado 9
    DEL            desplazar e ir al estado 10
    NOT            desplazar e ir al estado 11
    IF             desplazar e ir al estado 12
    PASS           desplazar e ir al estado 13
    BREAK          desplazar e ir al estado 14
    MENOS          desplazar e ir al estado 15
    MAS            desplazar e ir al estado 16
    NEWLINE        desplazar e ir al estado 17
    ENTERO         desplazar e ir al estado 18
    FLOTANTE       desplazar e ir al estado 19

    $default  reduce usando la regla 4 (file_input)

    GOAL             ir al estado 20
    file_input       ir al estado 21
    stmt             ir al estado 22
    simple_stmt      ir al estado 23
    small_stmt       ir al estado 24
    expr_stmt        ir al estado 25
    print_stmt       ir al estado 26
    del_stmt         ir al estado 27
    pass_stmt        ir al estado 28
    flow_stmt        ir al estado 29
    break_stmt       ir al estado 30
    continue_stmt    ir al estado 31
    return_stmt      ir al estado 32
    compound_stmt    ir al estado 33
    if_stmt          ir al estado 34
    while_stmt       ir al estado 35
    while_else_stmt  ir al estado 36
    for_stmt         ir al estado 37
    for_else_stmt    ir al estado 38
    test             ir al estado 39
    or_test          ir al estado 40
    and_test         ir al estado 41
    not_test         ir al estado 42
    comparison       ir al estado 43
    expr             ir al estado 44
    xor_expr         ir al estado 45
    and_expr         ir al estado 46
    shift_expr       ir al estado 47
    arith_expr       ir al estado 48
    ae_aux           ir al estado 49
    term             ir al estado 50
    factor           ir al estado 51
    atom             ir al estado 52


State 1

  116 atom: STRING .

    $default  reduce usando la regla 116 (atom)


State 2

   17 expr_stmt: IDENTIFICADOR . expr_stmt_aux_b
  113 atom: IDENTIFICADOR .

    MASIGUAL     desplazar e ir al estado 53
    MENOSIGUAL   desplazar e ir al estado 54
    ASTIGUAL     desplazar e ir al estado 55
    DIAIGUAL     desplazar e ir al estado 56
    DDIAIGUAL    desplazar e ir al estado 57
    PORIGUAL     desplazar e ir al estado 58
    AMPIGUAL     desplazar e ir al estado 59
    PIPEIGUAL    desplazar e ir al estado 60
    CIRCIGUAL    desplazar e ir al estado 61
    DMAYORIGUAL  desplazar e ir al estado 62
    DMENORIGUAL  desplazar e ir al estado 63
    DASTIGUAL    desplazar e ir al estado 64

    $default  reduce usando la regla 113 (atom)

    expr_stmt_aux_b  ir al estado 65
    augassign        ir al estado 66


State 3

   32 print_stmt: PRINT . test

    STRING         desplazar e ir al estado 1
    IDENTIFICADOR  desplazar e ir al estado 67
    FALSE          desplazar e ir al estado 4
    TRUE           desplazar e ir al estado 8
    NOT            desplazar e ir al estado 11
    MENOS          desplazar e ir al estado 15
    MAS            desplazar e ir al estado 16
    ENTERO         desplazar e ir al estado 18
    FLOTANTE       desplazar e ir al estado 19

    test        ir al estado 68
    or_test     ir al estado 40
    and_test    ir al estado 41
    not_test    ir al estado 42
    comparison  ir al estado 43
    expr        ir al estado 44
    xor_expr    ir al estado 45
    and_expr    ir al estado 46
    shift_expr  ir al estado 47
    arith_expr  ir al estado 48
    ae_aux      ir al estado 49
    term        ir al estado 50
    factor      ir al estado 51
    atom        ir al estado 52


State 4

  118 atom: FALSE .

    $default  reduce usando la regla 118 (atom)


State 5

   40 return_stmt: RETURN . return_stmt_aux

    STRING         desplazar e ir al estado 1
    IDENTIFICADOR  desplazar e ir al estado 67
    FALSE          desplazar e ir al estado 4
    TRUE           desplazar e ir al estado 8
    NOT            desplazar e ir al estado 11
    MENOS          desplazar e ir al estado 15
    MAS            desplazar e ir al estado 16
    ENTERO         desplazar e ir al estado 18
    FLOTANTE       desplazar e ir al estado 19

    $default  reduce usando la regla 42 (return_stmt_aux)

    return_stmt_aux  ir al estado 69
    test             ir al estado 70
    or_test          ir al estado 40
    and_test         ir al estado 41
    not_test         ir al estado 42
    comparison       ir al estado 43
    expr             ir al estado 44
    xor_expr         ir al estado 45
    and_expr         ir al estado 46
    shift_expr       ir al estado 47
    arith_expr       ir al estado 48
    ae_aux           ir al estado 49
    term             ir al estado 50
    factor           ir al estado 51
    atom             ir al estado 52


State 6

   39 continue_stmt: CONTINUE .

    $default  reduce usando la regla 39 (continue_stmt)


State 7

   57 for_stmt: FOR . IDENTIFICADOR IN testlist DPUNTO NEWLINE suite

    IDENTIFICADOR  desplazar e ir al estado 71


State 8

  117 atom: TRUE .

    $default  reduce usando la regla 117 (atom)


State 9

   55 while_stmt: WHILE . test DPUNTO NEWLINE suite

    STRING         desplazar e ir al estado 1
    IDENTIFICADOR  desplazar e ir al estado 67
    FALSE          desplazar e ir al estado 4
    TRUE           desplazar e ir al estado 8
    NOT            desplazar e ir al estado 11
    MENOS          desplazar e ir al estado 15
    MAS            desplazar e ir al estado 16
    ENTERO         desplazar e ir al estado 18
    FLOTANTE       desplazar e ir al estado 19

    test        ir al estado 72
    or_test     ir al estado 40
    and_test    ir al estado 41
    not_test    ir al estado 42
    comparison  ir al estado 43
    expr        ir al estado 44
    xor_expr    ir al estado 45
    and_expr    ir al estado 46
    shift_expr  ir al estado 47
    arith_expr  ir al estado 48
    ae_aux      ir al estado 49
    term        ir al estado 50
    factor      ir al estado 51
    atom        ir al estado 52


State 10

   33 del_stmt: DEL . IDENTIFICADOR

    IDENTIFICADOR  desplazar e ir al estado 73


State 11

   70 not_test: NOT . not_test

    STRING         desplazar e ir al estado 1
    IDENTIFICADOR  desplazar e ir al estado 67
    FALSE          desplazar e ir al estado 4
    TRUE           desplazar e ir al estado 8
    NOT            desplazar e ir al estado 11
    MENOS          desplazar e ir al estado 15
    MAS            desplazar e ir al estado 16
    ENTERO         desplazar e ir al estado 18
    FLOTANTE       desplazar e ir al estado 19

    not_test    ir al estado 74
    comparison  ir al estado 43
    expr        ir al estado 44
    xor_expr    ir al estado 45
    and_expr    ir al estado 46
    shift_expr  ir al estado 47
    arith_expr  ir al estado 48
    ae_aux      ir al estado 49
    term        ir al estado 50
    factor      ir al estado 51
    atom        ir al estado 52


State 12

   49 if_stmt: IF . test DPUNTO NEWLINE suite if_stmt_aux

    STRING         desplazar e ir al estado 1
    IDENTIFICADOR  desplazar e ir al estado 67
    FALSE          desplazar e ir al estado 4
    TRUE           desplazar e ir al estado 8
    NOT            desplazar e ir al estado 11
    MENOS          desplazar e ir al estado 15
    MAS            desplazar e ir al estado 16
    ENTERO         desplazar e ir al estado 18
    FLOTANTE       desplazar e ir al estado 19

    test        ir al estado 75
    or_test     ir al estado 40
    and_test    ir al estado 41
    not_test    ir al estado 42
    comparison  ir al estado 43
    expr        ir al estado 44
    xor_expr    ir al estado 45
    and_expr    ir al estado 46
    shift_expr  ir al estado 47
    arith_expr  ir al estado 48
    ae_aux      ir al estado 49
    term        ir al estado 50
    factor      ir al estado 51
    atom        ir al estado 52


State 13

   34 pass_stmt: PASS .

    $default  reduce usando la regla 34 (pass_stmt)


State 14

   38 break_stmt: BREAK .

    $default  reduce usando la regla 38 (break_stmt)


State 15

  103 ae_aux: MENOS .

    $default  reduce usando la regla 103 (ae_aux)


State 16

  102 ae_aux: MAS .

    $default  reduce usando la regla 102 (ae_aux)


State 17

    2 file_input: NEWLINE . file_input

    STRING         desplazar e ir al estado 1
    IDENTIFICADOR  desplazar e ir al estado 2
    PRINT          desplazar e ir al estado 3
    FALSE          desplazar e ir al estado 4
    RETURN         desplazar e ir al estado 5
    CONTINUE       desplazar e ir al estado 6
    FOR            desplazar e ir al estado 7
    TRUE           desplazar e ir al estado 8
    WHILE          desplazar e ir al estado 9
    DEL            desplazar e ir al estado 10
    NOT            desplazar e ir al estado 11
    IF             desplazar e ir al estado 12
    PASS           desplazar e ir al estado 13
    BREAK          desplazar e ir al estado 14
    MENOS          desplazar e ir al estado 15
    MAS            desplazar e ir al estado 16
    NEWLINE        desplazar e ir al estado 17
    ENTERO         desplazar e ir al estado 18
    FLOTANTE       desplazar e ir al estado 19

    $default  reduce usando la regla 4 (file_input)

    file_input       ir al estado 76
    stmt             ir al estado 22
    simple_stmt      ir al estado 23
    small_stmt       ir al estado 24
    expr_stmt        ir al estado 25
    print_stmt       ir al estado 26
    del_stmt         ir al estado 27
    pass_stmt        ir al estado 28
    flow_stmt        ir al estado 29
    break_stmt       ir al estado 30
    continue_stmt    ir al estado 31
    return_stmt      ir al estado 32
    compound_stmt    ir al estado 33
    if_stmt          ir al estado 34
    while_stmt       ir al estado 35
    while_else_stmt  ir al estado 36
    for_stmt         ir al estado 37
    for_else_stmt    ir al estado 38
    test             ir al estado 39
    or_test          ir al estado 40
    and_test         ir al estado 41
    not_test         ir al estado 42
    comparison       ir al estado 43
    expr             ir al estado 44
    xor_expr         ir al estado 45
    and_expr         ir al estado 46
    shift_expr       ir al estado 47
    arith_expr       ir al estado 48
    ae_aux           ir al estado 49
    term             ir al estado 50
    factor           ir al estado 51
    atom             ir al estado 52


State 18

  115 atom: ENTERO .

    $default  reduce usando la regla 115 (atom)


State 19

  114 atom: FLOTANTE .

    $default  reduce usando la regla 114 (atom)


State 20

    0 $accept: GOAL . $end

    $end  desplazar e ir al estado 77


State 21

    1 GOAL: file_input .

    $default  reduce usando la regla 1 (GOAL)


State 22

    3 file_input: stmt . file_input

    STRING         desplazar e ir al estado 1
    IDENTIFICADOR  desplazar e ir al estado 2
    PRINT          desplazar e ir al estado 3
    FALSE          desplazar e ir al estado 4
    RETURN         desplazar e ir al estado 5
    CONTINUE       desplazar e ir al estado 6
    FOR            desplazar e ir al estado 7
    TRUE           desplazar e ir al estado 8
    WHILE          desplazar e ir al estado 9
    DEL            desplazar e ir al estado 10
    NOT            desplazar e ir al estado 11
    IF             desplazar e ir al estado 12
    PASS           desplazar e ir al estado 13
    BREAK          desplazar e ir al estado 14
    MENOS          desplazar e ir al estado 15
    MAS            desplazar e ir al estado 16
    NEWLINE        desplazar e ir al estado 17
    ENTERO         desplazar e ir al estado 18
    FLOTANTE       desplazar e ir al estado 19

    $default  reduce usando la regla 4 (file_input)

    file_input       ir al estado 78
    stmt             ir al estado 22
    simple_stmt      ir al estado 23
    small_stmt       ir al estado 24
    expr_stmt        ir al estado 25
    print_stmt       ir al estado 26
    del_stmt         ir al estado 27
    pass_stmt        ir al estado 28
    flow_stmt        ir al estado 29
    break_stmt       ir al estado 30
    continue_stmt    ir al estado 31
    return_stmt      ir al estado 32
    compound_stmt    ir al estado 33
    if_stmt          ir al estado 34
    while_stmt       ir al estado 35
    while_else_stmt  ir al estado 36
    for_stmt         ir al estado 37
    for_else_stmt    ir al estado 38
    test             ir al estado 39
    or_test          ir al estado 40
    and_test         ir al estado 41
    not_test         ir al estado 42
    comparison       ir al estado 43
    expr             ir al estado 44
    xor_expr         ir al estado 45
    and_expr         ir al estado 46
    shift_expr       ir al estado 47
    arith_expr       ir al estado 48
    ae_aux           ir al estado 49
    term             ir al estado 50
    factor           ir al estado 51
    atom             ir al estado 52


State 23

    5 stmt: simple_stmt .

    $default  reduce usando la regla 5 (stmt)


State 24

    7 simple_stmt: small_stmt . simple_stmt_aux NEWLINE

    PCOMA  desplazar e ir al estado 79

    $default  reduce usando la regla 11 (ss_aux)

    simple_stmt_aux  ir al estado 80
    ss_aux           ir al estado 81


State 25

   12 small_stmt: expr_stmt .

    $default  reduce usando la regla 12 (small_stmt)


State 26

   13 small_stmt: print_stmt .

    $default  reduce usando la regla 13 (small_stmt)


State 27

   14 small_stmt: del_stmt .

    $default  reduce usando la regla 14 (small_stmt)


State 28

   15 small_stmt: pass_stmt .

    $default  reduce usando la regla 15 (small_stmt)


State 29

   16 small_stmt: flow_stmt .

    $default  reduce usando la regla 16 (small_stmt)


State 30

   35 flow_stmt: break_stmt .

    $default  reduce usando la regla 35 (flow_stmt)


State 31

   36 flow_stmt: continue_stmt .

    $default  reduce usando la regla 36 (flow_stmt)


State 32

   37 flow_stmt: return_stmt .

    $default  reduce usando la regla 37 (flow_stmt)


State 33

    6 stmt: compound_stmt .

    $default  reduce usando la regla 6 (stmt)


State 34

   44 compound_stmt: if_stmt . $@1 if_else_stmt

    $default  reduce usando la regla 43 ($@1)

    $@1  ir al estado 82


State 35

   45 compound_stmt: while_stmt .
   56 while_else_stmt: while_stmt . s8

    ELSE  desplazar e ir al estado 83

    $end           reduce usando la regla 45 (compound_stmt)
    $end           [reduce usando la regla 54 (s8)]
    STRING         reduce usando la regla 45 (compound_stmt)
    STRING         [reduce usando la regla 54 (s8)]
    IDENTIFICADOR  reduce usando la regla 45 (compound_stmt)
    IDENTIFICADOR  [reduce usando la regla 54 (s8)]
    PRINT          reduce usando la regla 45 (compound_stmt)
    PRINT          [reduce usando la regla 54 (s8)]
    FALSE          reduce usando la regla 45 (compound_stmt)
    FALSE          [reduce usando la regla 54 (s8)]
    RETURN         reduce usando la regla 45 (compound_stmt)
    RETURN         [reduce usando la regla 54 (s8)]
    CONTINUE       reduce usando la regla 45 (compound_stmt)
    CONTINUE       [reduce usando la regla 54 (s8)]
    FOR            reduce usando la regla 45 (compound_stmt)
    FOR            [reduce usando la regla 54 (s8)]
    TRUE           reduce usando la regla 45 (compound_stmt)
    TRUE           [reduce usando la regla 54 (s8)]
    WHILE          reduce usando la regla 45 (compound_stmt)
    WHILE          [reduce usando la regla 54 (s8)]
    DEL            reduce usando la regla 45 (compound_stmt)
    DEL            [reduce usando la regla 54 (s8)]
    NOT            reduce usando la regla 45 (compound_stmt)
    NOT            [reduce usando la regla 54 (s8)]
    IF             reduce usando la regla 45 (compound_stmt)
    IF             [reduce usando la regla 54 (s8)]
    PASS           reduce usando la regla 45 (compound_stmt)
    PASS           [reduce usando la regla 54 (s8)]
    BREAK          reduce usando la regla 45 (compound_stmt)
    BREAK          [reduce usando la regla 54 (s8)]
    MENOS          reduce usando la regla 45 (compound_stmt)
    MENOS          [reduce usando la regla 54 (s8)]
    MAS            reduce usando la regla 45 (compound_stmt)
    MAS            [reduce usando la regla 54 (s8)]
    NEWLINE        reduce usando la regla 45 (compound_stmt)
    NEWLINE        [reduce usando la regla 54 (s8)]
    ENTERO         reduce usando la regla 45 (compound_stmt)
    ENTERO         [reduce usando la regla 54 (s8)]
    FLOTANTE       reduce usando la regla 45 (compound_stmt)
    FLOTANTE       [reduce usando la regla 54 (s8)]
    DEDENT         reduce usando la regla 45 (compound_stmt)
    DEDENT         [reduce usando la regla 54 (s8)]
    $default       reduce usando la regla 45 (compound_stmt)

    s8  ir al estado 84


State 36

   46 compound_stmt: while_else_stmt .

    $default  reduce usando la regla 46 (compound_stmt)


State 37

   47 compound_stmt: for_stmt .
   58 for_else_stmt: for_stmt . s8

    ELSE  desplazar e ir al estado 83

    $end           reduce usando la regla 47 (compound_stmt)
    $end           [reduce usando la regla 54 (s8)]
    STRING         reduce usando la regla 47 (compound_stmt)
    STRING         [reduce usando la regla 54 (s8)]
    IDENTIFICADOR  reduce usando la regla 47 (compound_stmt)
    IDENTIFICADOR  [reduce usando la regla 54 (s8)]
    PRINT          reduce usando la regla 47 (compound_stmt)
    PRINT          [reduce usando la regla 54 (s8)]
    FALSE          reduce usando la regla 47 (compound_stmt)
    FALSE          [reduce usando la regla 54 (s8)]
    RETURN         reduce usando la regla 47 (compound_stmt)
    RETURN         [reduce usando la regla 54 (s8)]
    CONTINUE       reduce usando la regla 47 (compound_stmt)
    CONTINUE       [reduce usando la regla 54 (s8)]
    FOR            reduce usando la regla 47 (compound_stmt)
    FOR            [reduce usando la regla 54 (s8)]
    TRUE           reduce usando la regla 47 (compound_stmt)
    TRUE           [reduce usando la regla 54 (s8)]
    WHILE          reduce usando la regla 47 (compound_stmt)
    WHILE          [reduce usando la regla 54 (s8)]
    DEL            reduce usando la regla 47 (compound_stmt)
    DEL            [reduce usando la regla 54 (s8)]
    NOT            reduce usando la regla 47 (compound_stmt)
    NOT            [reduce usando la regla 54 (s8)]
    IF             reduce usando la regla 47 (compound_stmt)
    IF             [reduce usando la regla 54 (s8)]
    PASS           reduce usando la regla 47 (compound_stmt)
    PASS           [reduce usando la regla 54 (s8)]
    BREAK          reduce usando la regla 47 (compound_stmt)
    BREAK          [reduce usando la regla 54 (s8)]
    MENOS          reduce usando la regla 47 (compound_stmt)
    MENOS          [reduce usando la regla 54 (s8)]
    MAS            reduce usando la regla 47 (compound_stmt)
    MAS            [reduce usando la regla 54 (s8)]
    NEWLINE        reduce usando la regla 47 (compound_stmt)
    NEWLINE        [reduce usando la regla 54 (s8)]
    ENTERO         reduce usando la regla 47 (compound_stmt)
    ENTERO         [reduce usando la regla 54 (s8)]
    FLOTANTE       reduce usando la regla 47 (compound_stmt)
    FLOTANTE       [reduce usando la regla 54 (s8)]
    DEDENT         reduce usando la regla 47 (compound_stmt)
    DEDENT         [reduce usando la regla 54 (s8)]
    $default       reduce usando la regla 47 (compound_stmt)

    s8  ir al estado 85


State 38

   48 compound_stmt: for_else_stmt .

    $default  reduce usando la regla 48 (compound_stmt)


State 39

   18 expr_stmt: test .

    $default  reduce usando la regla 18 (expr_stmt)


State 40

   63 test: or_test .

    $default  reduce usando la regla 63 (test)


State 41

   64 or_test: and_test . or_test_aux

    OR  desplazar e ir al estado 86

    $default  reduce usando la regla 66 (or_test_aux)

    or_test_aux  ir al estado 87


State 42

   67 and_test: not_test . and_test_aux

    AND  desplazar e ir al estado 88

    $default  reduce usando la regla 69 (and_test_aux)

    and_test_aux  ir al estado 89


State 43

   71 not_test: comparison .

    $default  reduce usando la regla 71 (not_test)


State 44

   72 comparison: expr . comparison_aux

    IS          desplazar e ir al estado 90
    NOT         desplazar e ir al estado 91
    IN          desplazar e ir al estado 92
    NIGUAL      desplazar e ir al estado 93
    DIGUAL      desplazar e ir al estado 94
    MAIGUAL     desplazar e ir al estado 95
    MEIGUAL     desplazar e ir al estado 96
    MAYOR       desplazar e ir al estado 97
    MENOR       desplazar e ir al estado 98
    MENORMAYOR  desplazar e ir al estado 99

    $default  reduce usando la regla 74 (comparison_aux)

    comparison_aux  ir al estado 100
    comp_op         ir al estado 101


State 45

   86 expr: xor_expr . expr_aux

    PIPE  desplazar e ir al estado 102

    $default  reduce usando la regla 88 (expr_aux)

    expr_aux  ir al estado 103


State 46

   89 xor_expr: and_expr . xor_expr_aux

    CIRCUNFLEJO  desplazar e ir al estado 104

    $default  reduce usando la regla 91 (xor_expr_aux)

    xor_expr_aux  ir al estado 105


State 47

   92 and_expr: shift_expr . and_expr_aux

    AMPERSON  desplazar e ir al estado 106

    $default  reduce usando la regla 94 (and_expr_aux)

    and_expr_aux  ir al estado 107


State 48

   95 shift_expr: arith_expr . shift_expr_aux

    DMAYOR  desplazar e ir al estado 108
    DMENOR  desplazar e ir al estado 109

    $default  reduce usando la regla 98 (shift_expr_aux)

    shift_expr_aux  ir al estado 110


State 49

  111 factor: ae_aux . factor

    STRING         desplazar e ir al estado 1
    IDENTIFICADOR  desplazar e ir al estado 67
    FALSE          desplazar e ir al estado 4
    TRUE           desplazar e ir al estado 8
    MENOS          desplazar e ir al estado 15
    MAS            desplazar e ir al estado 16
    ENTERO         desplazar e ir al estado 18
    FLOTANTE       desplazar e ir al estado 19

    ae_aux  ir al estado 49
    factor  ir al estado 111
    atom    ir al estado 52


State 50

   99 arith_expr: term . arith_expr_aux

    MENOS  desplazar e ir al estado 15
    MAS    desplazar e ir al estado 16

    $default  reduce usando la regla 101 (arith_expr_aux)

    arith_expr_aux  ir al estado 112
    ae_aux          ir al estado 113


State 51

  104 term: factor . term_aux

    PORCEN     desplazar e ir al estado 114
    DDIAG      desplazar e ir al estado 115
    DIAG       desplazar e ir al estado 116
    ASTERISCO  desplazar e ir al estado 117

    $default  reduce usando la regla 106 (term_aux)

    term_aux  ir al estado 118
    t_aux     ir al estado 119


State 52

  112 factor: atom .

    $default  reduce usando la regla 112 (factor)


State 53

   20 augassign: MASIGUAL .

    $default  reduce usando la regla 20 (augassign)


State 54

   21 augassign: MENOSIGUAL .

    $default  reduce usando la regla 21 (augassign)


State 55

   22 augassign: ASTIGUAL .

    $default  reduce usando la regla 22 (augassign)


State 56

   23 augassign: DIAIGUAL .

    $default  reduce usando la regla 23 (augassign)


State 57

   31 augassign: DDIAIGUAL .

    $default  reduce usando la regla 31 (augassign)


State 58

   24 augassign: PORIGUAL .

    $default  reduce usando la regla 24 (augassign)


State 59

   25 augassign: AMPIGUAL .

    $default  reduce usando la regla 25 (augassign)


State 60

   26 augassign: PIPEIGUAL .

    $default  reduce usando la regla 26 (augassign)


State 61

   27 augassign: CIRCIGUAL .

    $default  reduce usando la regla 27 (augassign)


State 62

   29 augassign: DMAYORIGUAL .

    $default  reduce usando la regla 29 (augassign)


State 63

   28 augassign: DMENORIGUAL .

    $default  reduce usando la regla 28 (augassign)


State 64

   30 augassign: DASTIGUAL .

    $default  reduce usando la regla 30 (augassign)


State 65

   17 expr_stmt: IDENTIFICADOR expr_stmt_aux_b .

    $default  reduce usando la regla 17 (expr_stmt)


State 66

   19 expr_stmt_aux_b: augassign . test

    STRING         desplazar e ir al estado 1
    IDENTIFICADOR  desplazar e ir al estado 67
    FALSE          desplazar e ir al estado 4
    TRUE           desplazar e ir al estado 8
    NOT            desplazar e ir al estado 11
    MENOS          desplazar e ir al estado 15
    MAS            desplazar e ir al estado 16
    ENTERO         desplazar e ir al estado 18
    FLOTANTE       desplazar e ir al estado 19

    test        ir al estado 120
    or_test     ir al estado 40
    and_test    ir al estado 41
    not_test    ir al estado 42
    comparison  ir al estado 43
    expr        ir al estado 44
    xor_expr    ir al estado 45
    and_expr    ir al estado 46
    shift_expr  ir al estado 47
    arith_expr  ir al estado 48
    ae_aux      ir al estado 49
    term        ir al estado 50
    factor      ir al estado 51
    atom        ir al estado 52


State 67

  113 atom: IDENTIFICADOR .

    $default  reduce usando la regla 113 (atom)


State 68

   32 print_stmt: PRINT test .

    $default  reduce usando la regla 32 (print_stmt)


State 69

   40 return_stmt: RETURN return_stmt_aux .

    $default  reduce usando la regla 40 (return_stmt)


State 70

   41 return_stmt_aux: test .

    $default  reduce usando la regla 41 (return_stmt_aux)


State 71

   57 for_stmt: FOR IDENTIFICADOR . IN testlist DPUNTO NEWLINE suite

    IN  desplazar e ir al estado 121


State 72

   55 while_stmt: WHILE test . DPUNTO NEWLINE suite

    DPUNTO  desplazar e ir al estado 122


State 73

   33 del_stmt: DEL IDENTIFICADOR .

    $default  reduce usando la regla 33 (del_stmt)


State 74

   70 not_test: NOT not_test .

    $default  reduce usando la regla 70 (not_test)


State 75

   49 if_stmt: IF test . DPUNTO NEWLINE suite if_stmt_aux

    DPUNTO  desplazar e ir al estado 123


State 76

    2 file_input: NEWLINE file_input .

    $default  reduce usando la regla 2 (file_input)


State 77

    0 $accept: GOAL $end .

    $default  aceptar


State 78

    3 file_input: stmt file_input .

    $default  reduce usando la regla 3 (file_input)


State 79

    8 simple_stmt_aux: PCOMA . small_stmt simple_stmt_aux
   10 ss_aux: PCOMA .

    STRING         desplazar e ir al estado 1
    IDENTIFICADOR  desplazar e ir al estado 2
    PRINT          desplazar e ir al estado 3
    FALSE          desplazar e ir al estado 4
    RETURN         desplazar e ir al estado 5
    CONTINUE       desplazar e ir al estado 6
    TRUE           desplazar e ir al estado 8
    DEL            desplazar e ir al estado 10
    NOT            desplazar e ir al estado 11
    PASS           desplazar e ir al estado 13
    BREAK          desplazar e ir al estado 14
    MENOS          desplazar e ir al estado 15
    MAS            desplazar e ir al estado 16
    ENTERO         desplazar e ir al estado 18
    FLOTANTE       desplazar e ir al estado 19

    $default  reduce usando la regla 10 (ss_aux)

    small_stmt     ir al estado 124
    expr_stmt      ir al estado 25
    print_stmt     ir al estado 26
    del_stmt       ir al estado 27
    pass_stmt      ir al estado 28
    flow_stmt      ir al estado 29
    break_stmt     ir al estado 30
    continue_stmt  ir al estado 31
    return_stmt    ir al estado 32
    test           ir al estado 39
    or_test        ir al estado 40
    and_test       ir al estado 41
    not_test       ir al estado 42
    comparison     ir al estado 43
    expr           ir al estado 44
    xor_expr       ir al estado 45
    and_expr       ir al estado 46
    shift_expr     ir al estado 47
    arith_expr     ir al estado 48
    ae_aux         ir al estado 49
    term           ir al estado 50
    factor         ir al estado 51
    atom           ir al estado 52


State 80

    7 simple_stmt: small_stmt simple_stmt_aux . NEWLINE

    NEWLINE  desplazar e ir al estado 125


State 81

    9 simple_stmt_aux: ss_aux .

    $default  reduce usando la regla 9 (simple_stmt_aux)


State 82

   44 compound_stmt: if_stmt $@1 . if_else_stmt

    IF  desplazar e ir al estado 12

    if_stmt       ir al estado 126
    if_else_stmt  ir al estado 127


State 83

   53 s8: ELSE . DPUNTO NEWLINE suite

    DPUNTO  desplazar e ir al estado 128


State 84

   56 while_else_stmt: while_stmt s8 .

    $default  reduce usando la regla 56 (while_else_stmt)


State 85

   58 for_else_stmt: for_stmt s8 .

    $default  reduce usando la regla 58 (for_else_stmt)


State 86

   65 or_test_aux: OR . and_test or_test_aux

    STRING         desplazar e ir al estado 1
    IDENTIFICADOR  desplazar e ir al estado 67
    FALSE          desplazar e ir al estado 4
    TRUE           desplazar e ir al estado 8
    NOT            desplazar e ir al estado 11
    MENOS          desplazar e ir al estado 15
    MAS            desplazar e ir al estado 16
    ENTERO         desplazar e ir al estado 18
    FLOTANTE       desplazar e ir al estado 19

    and_test    ir al estado 129
    not_test    ir al estado 42
    comparison  ir al estado 43
    expr        ir al estado 44
    xor_expr    ir al estado 45
    and_expr    ir al estado 46
    shift_expr  ir al estado 47
    arith_expr  ir al estado 48
    ae_aux      ir al estado 49
    term        ir al estado 50
    factor      ir al estado 51
    atom        ir al estado 52


State 87

   64 or_test: and_test or_test_aux .

    $default  reduce usando la regla 64 (or_test)


State 88

   68 and_test_aux: AND . not_test and_test_aux

    STRING         desplazar e ir al estado 1
    IDENTIFICADOR  desplazar e ir al estado 67
    FALSE          desplazar e ir al estado 4
    TRUE           desplazar e ir al estado 8
    NOT            desplazar e ir al estado 11
    MENOS          desplazar e ir al estado 15
    MAS            desplazar e ir al estado 16
    ENTERO         desplazar e ir al estado 18
    FLOTANTE       desplazar e ir al estado 19

    not_test    ir al estado 130
    comparison  ir al estado 43
    expr        ir al estado 44
    xor_expr    ir al estado 45
    and_expr    ir al estado 46
    shift_expr  ir al estado 47
    arith_expr  ir al estado 48
    ae_aux      ir al estado 49
    term        ir al estado 50
    factor      ir al estado 51
    atom        ir al estado 52


State 89

   67 and_test: not_test and_test_aux .

    $default  reduce usando la regla 67 (and_test)


State 90

   84 comp_op: IS .
   85        | IS . NOT

    NOT  desplazar e ir al estado 131

    $default  reduce usando la regla 84 (comp_op)


State 91

   83 comp_op: NOT . IN

    IN  desplazar e ir al estado 132


State 92

   82 comp_op: IN .

    $default  reduce usando la regla 82 (comp_op)


State 93

   81 comp_op: NIGUAL .

    $default  reduce usando la regla 81 (comp_op)


State 94

   77 comp_op: DIGUAL .

    $default  reduce usando la regla 77 (comp_op)


State 95

   78 comp_op: MAIGUAL .

    $default  reduce usando la regla 78 (comp_op)


State 96

   79 comp_op: MEIGUAL .

    $default  reduce usando la regla 79 (comp_op)


State 97

   76 comp_op: MAYOR .

    $default  reduce usando la regla 76 (comp_op)


State 98

   75 comp_op: MENOR .

    $default  reduce usando la regla 75 (comp_op)


State 99

   80 comp_op: MENORMAYOR .

    $default  reduce usando la regla 80 (comp_op)


State 100

   72 comparison: expr comparison_aux .

    $default  reduce usando la regla 72 (comparison)


State 101

   73 comparison_aux: comp_op . expr comparison_aux

    STRING         desplazar e ir al estado 1
    IDENTIFICADOR  desplazar e ir al estado 67
    FALSE          desplazar e ir al estado 4
    TRUE           desplazar e ir al estado 8
    MENOS          desplazar e ir al estado 15
    MAS            desplazar e ir al estado 16
    ENTERO         desplazar e ir al estado 18
    FLOTANTE       desplazar e ir al estado 19

    expr        ir al estado 133
    xor_expr    ir al estado 45
    and_expr    ir al estado 46
    shift_expr  ir al estado 47
    arith_expr  ir al estado 48
    ae_aux      ir al estado 49
    term        ir al estado 50
    factor      ir al estado 51
    atom        ir al estado 52


State 102

   87 expr_aux: PIPE . xor_expr expr_aux

    STRING         desplazar e ir al estado 1
    IDENTIFICADOR  desplazar e ir al estado 67
    FALSE          desplazar e ir al estado 4
    TRUE           desplazar e ir al estado 8
    MENOS          desplazar e ir al estado 15
    MAS            desplazar e ir al estado 16
    ENTERO         desplazar e ir al estado 18
    FLOTANTE       desplazar e ir al estado 19

    xor_expr    ir al estado 134
    and_expr    ir al estado 46
    shift_expr  ir al estado 47
    arith_expr  ir al estado 48
    ae_aux      ir al estado 49
    term        ir al estado 50
    factor      ir al estado 51
    atom        ir al estado 52


State 103

   86 expr: xor_expr expr_aux .

    $default  reduce usando la regla 86 (expr)


State 104

   90 xor_expr_aux: CIRCUNFLEJO . and_expr xor_expr_aux

    STRING         desplazar e ir al estado 1
    IDENTIFICADOR  desplazar e ir al estado 67
    FALSE          desplazar e ir al estado 4
    TRUE           desplazar e ir al estado 8
    MENOS          desplazar e ir al estado 15
    MAS            desplazar e ir al estado 16
    ENTERO         desplazar e ir al estado 18
    FLOTANTE       desplazar e ir al estado 19

    and_expr    ir al estado 135
    shift_expr  ir al estado 47
    arith_expr  ir al estado 48
    ae_aux      ir al estado 49
    term        ir al estado 50
    factor      ir al estado 51
    atom        ir al estado 52


State 105

   89 xor_expr: and_expr xor_expr_aux .

    $default  reduce usando la regla 89 (xor_expr)


State 106

   93 and_expr_aux: AMPERSON . shift_expr and_expr_aux

    STRING         desplazar e ir al estado 1
    IDENTIFICADOR  desplazar e ir al estado 67
    FALSE          desplazar e ir al estado 4
    TRUE           desplazar e ir al estado 8
    MENOS          desplazar e ir al estado 15
    MAS            desplazar e ir al estado 16
    ENTERO         desplazar e ir al estado 18
    FLOTANTE       desplazar e ir al estado 19

    shift_expr  ir al estado 136
    arith_expr  ir al estado 48
    ae_aux      ir al estado 49
    term        ir al estado 50
    factor      ir al estado 51
    atom        ir al estado 52


State 107

   92 and_expr: shift_expr and_expr_aux .

    $default  reduce usando la regla 92 (and_expr)


State 108

   97 shift_expr_aux: DMAYOR . arith_expr shift_expr_aux

    STRING         desplazar e ir al estado 1
    IDENTIFICADOR  desplazar e ir al estado 67
    FALSE          desplazar e ir al estado 4
    TRUE           desplazar e ir al estado 8
    MENOS          desplazar e ir al estado 15
    MAS            desplazar e ir al estado 16
    ENTERO         desplazar e ir al estado 18
    FLOTANTE       desplazar e ir al estado 19

    arith_expr  ir al estado 137
    ae_aux      ir al estado 49
    term        ir al estado 50
    factor      ir al estado 51
    atom        ir al estado 52


State 109

   96 shift_expr_aux: DMENOR . arith_expr shift_expr_aux

    STRING         desplazar e ir al estado 1
    IDENTIFICADOR  desplazar e ir al estado 67
    FALSE          desplazar e ir al estado 4
    TRUE           desplazar e ir al estado 8
    MENOS          desplazar e ir al estado 15
    MAS            desplazar e ir al estado 16
    ENTERO         desplazar e ir al estado 18
    FLOTANTE       desplazar e ir al estado 19

    arith_expr  ir al estado 138
    ae_aux      ir al estado 49
    term        ir al estado 50
    factor      ir al estado 51
    atom        ir al estado 52


State 110

   95 shift_expr: arith_expr shift_expr_aux .

    $default  reduce usando la regla 95 (shift_expr)


State 111

  111 factor: ae_aux factor .

    $default  reduce usando la regla 111 (factor)


State 112

   99 arith_expr: term arith_expr_aux .

    $default  reduce usando la regla 99 (arith_expr)


State 113

  100 arith_expr_aux: ae_aux . term arith_expr_aux

    STRING         desplazar e ir al estado 1
    IDENTIFICADOR  desplazar e ir al estado 67
    FALSE          desplazar e ir al estado 4
    TRUE           desplazar e ir al estado 8
    MENOS          desplazar e ir al estado 15
    MAS            desplazar e ir al estado 16
    ENTERO         desplazar e ir al estado 18
    FLOTANTE       desplazar e ir al estado 19

    ae_aux  ir al estado 49
    term    ir al estado 139
    factor  ir al estado 51
    atom    ir al estado 52


State 114

  109 t_aux: PORCEN .

    $default  reduce usando la regla 109 (t_aux)


State 115

  110 t_aux: DDIAG .

    $default  reduce usando la regla 110 (t_aux)


State 116

  108 t_aux: DIAG .

    $default  reduce usando la regla 108 (t_aux)


State 117

  107 t_aux: ASTERISCO .

    $default  reduce usando la regla 107 (t_aux)


State 118

  104 term: factor term_aux .

    $default  reduce usando la regla 104 (term)


State 119

  105 term_aux: t_aux . factor term_aux

    STRING         desplazar e ir al estado 1
    IDENTIFICADOR  desplazar e ir al estado 67
    FALSE          desplazar e ir al estado 4
    TRUE           desplazar e ir al estado 8
    MENOS          desplazar e ir al estado 15
    MAS            desplazar e ir al estado 16
    ENTERO         desplazar e ir al estado 18
    FLOTANTE       desplazar e ir al estado 19

    ae_aux  ir al estado 49
    factor  ir al estado 140
    atom    ir al estado 52


State 120

   19 expr_stmt_aux_b: augassign test .

    $default  reduce usando la regla 19 (expr_stmt_aux_b)


State 121

   57 for_stmt: FOR IDENTIFICADOR IN . testlist DPUNTO NEWLINE suite

    APAREN  desplazar e ir al estado 141

    testlist  ir al estado 142


State 122

   55 while_stmt: WHILE test DPUNTO . NEWLINE suite

    NEWLINE  desplazar e ir al estado 143


State 123

   49 if_stmt: IF test DPUNTO . NEWLINE suite if_stmt_aux

    NEWLINE  desplazar e ir al estado 144


State 124

    8 simple_stmt_aux: PCOMA small_stmt . simple_stmt_aux

    PCOMA  desplazar e ir al estado 79

    $default  reduce usando la regla 11 (ss_aux)

    simple_stmt_aux  ir al estado 145
    ss_aux           ir al estado 81


State 125

    7 simple_stmt: small_stmt simple_stmt_aux NEWLINE .

    $default  reduce usando la regla 7 (simple_stmt)


State 126

   50 if_else_stmt: if_stmt . s8

    ELSE  desplazar e ir al estado 83

    $default  reduce usando la regla 54 (s8)

    s8  ir al estado 146


State 127

   44 compound_stmt: if_stmt $@1 if_else_stmt .

    $default  reduce usando la regla 44 (compound_stmt)


State 128

   53 s8: ELSE DPUNTO . NEWLINE suite

    NEWLINE  desplazar e ir al estado 147


State 129

   65 or_test_aux: OR and_test . or_test_aux

    OR  desplazar e ir al estado 86

    $default  reduce usando la regla 66 (or_test_aux)

    or_test_aux  ir al estado 148


State 130

   68 and_test_aux: AND not_test . and_test_aux

    AND  desplazar e ir al estado 88

    $default  reduce usando la regla 69 (and_test_aux)

    and_test_aux  ir al estado 149


State 131

   85 comp_op: IS NOT .

    $default  reduce usando la regla 85 (comp_op)


State 132

   83 comp_op: NOT IN .

    $default  reduce usando la regla 83 (comp_op)


State 133

   73 comparison_aux: comp_op expr . comparison_aux

    IS          desplazar e ir al estado 90
    NOT         desplazar e ir al estado 91
    IN          desplazar e ir al estado 92
    NIGUAL      desplazar e ir al estado 93
    DIGUAL      desplazar e ir al estado 94
    MAIGUAL     desplazar e ir al estado 95
    MEIGUAL     desplazar e ir al estado 96
    MAYOR       desplazar e ir al estado 97
    MENOR       desplazar e ir al estado 98
    MENORMAYOR  desplazar e ir al estado 99

    $default  reduce usando la regla 74 (comparison_aux)

    comparison_aux  ir al estado 150
    comp_op         ir al estado 101


State 134

   87 expr_aux: PIPE xor_expr . expr_aux

    PIPE  desplazar e ir al estado 102

    $default  reduce usando la regla 88 (expr_aux)

    expr_aux  ir al estado 151


State 135

   90 xor_expr_aux: CIRCUNFLEJO and_expr . xor_expr_aux

    CIRCUNFLEJO  desplazar e ir al estado 104

    $default  reduce usando la regla 91 (xor_expr_aux)

    xor_expr_aux  ir al estado 152


State 136

   93 and_expr_aux: AMPERSON shift_expr . and_expr_aux

    AMPERSON  desplazar e ir al estado 106

    $default  reduce usando la regla 94 (and_expr_aux)

    and_expr_aux  ir al estado 153


State 137

   97 shift_expr_aux: DMAYOR arith_expr . shift_expr_aux

    DMAYOR  desplazar e ir al estado 108
    DMENOR  desplazar e ir al estado 109

    $default  reduce usando la regla 98 (shift_expr_aux)

    shift_expr_aux  ir al estado 154


State 138

   96 shift_expr_aux: DMENOR arith_expr . shift_expr_aux

    DMAYOR  desplazar e ir al estado 108
    DMENOR  desplazar e ir al estado 109

    $default  reduce usando la regla 98 (shift_expr_aux)

    shift_expr_aux  ir al estado 155


State 139

  100 arith_expr_aux: ae_aux term . arith_expr_aux

    MENOS  desplazar e ir al estado 15
    MAS    desplazar e ir al estado 16

    $default  reduce usando la regla 101 (arith_expr_aux)

    arith_expr_aux  ir al estado 156
    ae_aux          ir al estado 113


State 140

  105 term_aux: t_aux factor . term_aux

    PORCEN     desplazar e ir al estado 114
    DDIAG      desplazar e ir al estado 115
    DIAG       desplazar e ir al estado 116
    ASTERISCO  desplazar e ir al estado 117

    $default  reduce usando la regla 106 (term_aux)

    term_aux  ir al estado 157
    t_aux     ir al estado 119


State 141

  119 testlist: APAREN . testlist_aux CPAREN

    STRING         desplazar e ir al estado 1
    IDENTIFICADOR  desplazar e ir al estado 67
    FALSE          desplazar e ir al estado 4
    TRUE           desplazar e ir al estado 8
    NOT            desplazar e ir al estado 11
    MENOS          desplazar e ir al estado 15
    MAS            desplazar e ir al estado 16
    ENTERO         desplazar e ir al estado 18
    FLOTANTE       desplazar e ir al estado 19

    $default  reduce usando la regla 121 (testlist_aux)

    test          ir al estado 158
    or_test       ir al estado 40
    and_test      ir al estado 41
    not_test      ir al estado 42
    comparison    ir al estado 43
    expr          ir al estado 44
    xor_expr      ir al estado 45
    and_expr      ir al estado 46
    shift_expr    ir al estado 47
    arith_expr    ir al estado 48
    ae_aux        ir al estado 49
    term          ir al estado 50
    factor        ir al estado 51
    atom          ir al estado 52
    testlist_aux  ir al estado 159


State 142

   57 for_stmt: FOR IDENTIFICADOR IN testlist . DPUNTO NEWLINE suite

    DPUNTO  desplazar e ir al estado 160


State 143

   55 while_stmt: WHILE test DPUNTO NEWLINE . suite

    STRING         desplazar e ir al estado 1
    IDENTIFICADOR  desplazar e ir al estado 2
    PRINT          desplazar e ir al estado 3
    FALSE          desplazar e ir al estado 4
    RETURN         desplazar e ir al estado 5
    CONTINUE       desplazar e ir al estado 6
    TRUE           desplazar e ir al estado 8
    DEL            desplazar e ir al estado 10
    NOT            desplazar e ir al estado 11
    PASS           desplazar e ir al estado 13
    BREAK          desplazar e ir al estado 14
    MENOS          desplazar e ir al estado 15
    MAS            desplazar e ir al estado 16
    ENTERO         desplazar e ir al estado 18
    FLOTANTE       desplazar e ir al estado 19
    INDENT         desplazar e ir al estado 161

    simple_stmt    ir al estado 162
    small_stmt     ir al estado 24
    expr_stmt      ir al estado 25
    print_stmt     ir al estado 26
    del_stmt       ir al estado 27
    pass_stmt      ir al estado 28
    flow_stmt      ir al estado 29
    break_stmt     ir al estado 30
    continue_stmt  ir al estado 31
    return_stmt    ir al estado 32
    suite          ir al estado 163
    test           ir al estado 39
    or_test        ir al estado 40
    and_test       ir al estado 41
    not_test       ir al estado 42
    comparison     ir al estado 43
    expr           ir al estado 44
    xor_expr       ir al estado 45
    and_expr       ir al estado 46
    shift_expr     ir al estado 47
    arith_expr     ir al estado 48
    ae_aux         ir al estado 49
    term           ir al estado 50
    factor         ir al estado 51
    atom           ir al estado 52


State 144

   49 if_stmt: IF test DPUNTO NEWLINE . suite if_stmt_aux

    STRING         desplazar e ir al estado 1
    IDENTIFICADOR  desplazar e ir al estado 2
    PRINT          desplazar e ir al estado 3
    FALSE          desplazar e ir al estado 4
    RETURN         desplazar e ir al estado 5
    CONTINUE       desplazar e ir al estado 6
    TRUE           desplazar e ir al estado 8
    DEL            desplazar e ir al estado 10
    NOT            desplazar e ir al estado 11
    PASS           desplazar e ir al estado 13
    BREAK          desplazar e ir al estado 14
    MENOS          desplazar e ir al estado 15
    MAS            desplazar e ir al estado 16
    ENTERO         desplazar e ir al estado 18
    FLOTANTE       desplazar e ir al estado 19
    INDENT         desplazar e ir al estado 161

    simple_stmt    ir al estado 162
    small_stmt     ir al estado 24
    expr_stmt      ir al estado 25
    print_stmt     ir al estado 26
    del_stmt       ir al estado 27
    pass_stmt      ir al estado 28
    flow_stmt      ir al estado 29
    break_stmt     ir al estado 30
    continue_stmt  ir al estado 31
    return_stmt    ir al estado 32
    suite          ir al estado 164
    test           ir al estado 39
    or_test        ir al estado 40
    and_test       ir al estado 41
    not_test       ir al estado 42
    comparison     ir al estado 43
    expr           ir al estado 44
    xor_expr       ir al estado 45
    and_expr       ir al estado 46
    shift_expr     ir al estado 47
    arith_expr     ir al estado 48
    ae_aux         ir al estado 49
    term           ir al estado 50
    factor         ir al estado 51
    atom           ir al estado 52


State 145

    8 simple_stmt_aux: PCOMA small_stmt simple_stmt_aux .

    $default  reduce usando la regla 8 (simple_stmt_aux)


State 146

   50 if_else_stmt: if_stmt s8 .

    $default  reduce usando la regla 50 (if_else_stmt)


State 147

   53 s8: ELSE DPUNTO NEWLINE . suite

    STRING         desplazar e ir al estado 1
    IDENTIFICADOR  desplazar e ir al estado 2
    PRINT          desplazar e ir al estado 3
    FALSE          desplazar e ir al estado 4
    RETURN         desplazar e ir al estado 5
    CONTINUE       desplazar e ir al estado 6
    TRUE           desplazar e ir al estado 8
    DEL            desplazar e ir al estado 10
    NOT            desplazar e ir al estado 11
    PASS           desplazar e ir al estado 13
    BREAK          desplazar e ir al estado 14
    MENOS          desplazar e ir al estado 15
    MAS            desplazar e ir al estado 16
    ENTERO         desplazar e ir al estado 18
    FLOTANTE       desplazar e ir al estado 19
    INDENT         desplazar e ir al estado 161

    simple_stmt    ir al estado 162
    small_stmt     ir al estado 24
    expr_stmt      ir al estado 25
    print_stmt     ir al estado 26
    del_stmt       ir al estado 27
    pass_stmt      ir al estado 28
    flow_stmt      ir al estado 29
    break_stmt     ir al estado 30
    continue_stmt  ir al estado 31
    return_stmt    ir al estado 32
    suite          ir al estado 165
    test           ir al estado 39
    or_test        ir al estado 40
    and_test       ir al estado 41
    not_test       ir al estado 42
    comparison     ir al estado 43
    expr           ir al estado 44
    xor_expr       ir al estado 45
    and_expr       ir al estado 46
    shift_expr     ir al estado 47
    arith_expr     ir al estado 48
    ae_aux         ir al estado 49
    term           ir al estado 50
    factor         ir al estado 51
    atom           ir al estado 52


State 148

   65 or_test_aux: OR and_test or_test_aux .

    $default  reduce usando la regla 65 (or_test_aux)


State 149

   68 and_test_aux: AND not_test and_test_aux .

    $default  reduce usando la regla 68 (and_test_aux)


State 150

   73 comparison_aux: comp_op expr comparison_aux .

    $default  reduce usando la regla 73 (comparison_aux)


State 151

   87 expr_aux: PIPE xor_expr expr_aux .

    $default  reduce usando la regla 87 (expr_aux)


State 152

   90 xor_expr_aux: CIRCUNFLEJO and_expr xor_expr_aux .

    $default  reduce usando la regla 90 (xor_expr_aux)


State 153

   93 and_expr_aux: AMPERSON shift_expr and_expr_aux .

    $default  reduce usando la regla 93 (and_expr_aux)


State 154

   97 shift_expr_aux: DMAYOR arith_expr shift_expr_aux .

    $default  reduce usando la regla 97 (shift_expr_aux)


State 155

   96 shift_expr_aux: DMENOR arith_expr shift_expr_aux .

    $default  reduce usando la regla 96 (shift_expr_aux)


State 156

  100 arith_expr_aux: ae_aux term arith_expr_aux .

    $default  reduce usando la regla 100 (arith_expr_aux)


State 157

  105 term_aux: t_aux factor term_aux .

    $default  reduce usando la regla 105 (term_aux)


State 158

  120 testlist_aux: test . r2

    COMA  desplazar e ir al estado 166

    $default  reduce usando la regla 123 (r2)

    r2  ir al estado 167


State 159

  119 testlist: APAREN testlist_aux . CPAREN

    CPAREN  desplazar e ir al estado 168


State 160

   57 for_stmt: FOR IDENTIFICADOR IN testlist DPUNTO . NEWLINE suite

    NEWLINE  desplazar e ir al estado 169


State 161

   60 suite: INDENT . stmt suite_aux DEDENT

    STRING         desplazar e ir al estado 1
    IDENTIFICADOR  desplazar e ir al estado 2
    PRINT          desplazar e ir al estado 3
    FALSE          desplazar e ir al estado 4
    RETURN         desplazar e ir al estado 5
    CONTINUE       desplazar e ir al estado 6
    FOR            desplazar e ir al estado 7
    TRUE           desplazar e ir al estado 8
    WHILE          desplazar e ir al estado 9
    DEL            desplazar e ir al estado 10
    NOT            desplazar e ir al estado 11
    IF             desplazar e ir al estado 12
    PASS           desplazar e ir al estado 13
    BREAK          desplazar e ir al estado 14
    MENOS          desplazar e ir al estado 15
    MAS            desplazar e ir al estado 16
    ENTERO         desplazar e ir al estado 18
    FLOTANTE       desplazar e ir al estado 19

    stmt             ir al estado 170
    simple_stmt      ir al estado 23
    small_stmt       ir al estado 24
    expr_stmt        ir al estado 25
    print_stmt       ir al estado 26
    del_stmt         ir al estado 27
    pass_stmt        ir al estado 28
    flow_stmt        ir al estado 29
    break_stmt       ir al estado 30
    continue_stmt    ir al estado 31
    return_stmt      ir al estado 32
    compound_stmt    ir al estado 33
    if_stmt          ir al estado 34
    while_stmt       ir al estado 35
    while_else_stmt  ir al estado 36
    for_stmt         ir al estado 37
    for_else_stmt    ir al estado 38
    test             ir al estado 39
    or_test          ir al estado 40
    and_test         ir al estado 41
    not_test         ir al estado 42
    comparison       ir al estado 43
    expr             ir al estado 44
    xor_expr         ir al estado 45
    and_expr         ir al estado 46
    shift_expr       ir al estado 47
    arith_expr       ir al estado 48
    ae_aux           ir al estado 49
    term             ir al estado 50
    factor           ir al estado 51
    atom             ir al estado 52


State 162

   59 suite: simple_stmt .

    $default  reduce usando la regla 59 (suite)


State 163

   55 while_stmt: WHILE test DPUNTO NEWLINE suite .

    $default  reduce usando la regla 55 (while_stmt)


State 164

   49 if_stmt: IF test DPUNTO NEWLINE suite . if_stmt_aux

    ELIF  desplazar e ir al estado 171

    $default  reduce usando la regla 52 (if_stmt_aux)

    if_stmt_aux  ir al estado 172


State 165

   53 s8: ELSE DPUNTO NEWLINE suite .

    $default  reduce usando la regla 53 (s8)


State 166

  122 r2: COMA . test r2

    STRING         desplazar e ir al estado 1
    IDENTIFICADOR  desplazar e ir al estado 67
    FALSE          desplazar e ir al estado 4
    TRUE           desplazar e ir al estado 8
    NOT            desplazar e ir al estado 11
    MENOS          desplazar e ir al estado 15
    MAS            desplazar e ir al estado 16
    ENTERO         desplazar e ir al estado 18
    FLOTANTE       desplazar e ir al estado 19

    test        ir al estado 173
    or_test     ir al estado 40
    and_test    ir al estado 41
    not_test    ir al estado 42
    comparison  ir al estado 43
    expr        ir al estado 44
    xor_expr    ir al estado 45
    and_expr    ir al estado 46
    shift_expr  ir al estado 47
    arith_expr  ir al estado 48
    ae_aux      ir al estado 49
    term        ir al estado 50
    factor      ir al estado 51
    atom        ir al estado 52


State 167

  120 testlist_aux: test r2 .

    $default  reduce usando la regla 120 (testlist_aux)


State 168

  119 testlist: APAREN testlist_aux CPAREN .

    $default  reduce usando la regla 119 (testlist)


State 169

   57 for_stmt: FOR IDENTIFICADOR IN testlist DPUNTO NEWLINE . suite

    STRING         desplazar e ir al estado 1
    IDENTIFICADOR  desplazar e ir al estado 2
    PRINT          desplazar e ir al estado 3
    FALSE          desplazar e ir al estado 4
    RETURN         desplazar e ir al estado 5
    CONTINUE       desplazar e ir al estado 6
    TRUE           desplazar e ir al estado 8
    DEL            desplazar e ir al estado 10
    NOT            desplazar e ir al estado 11
    PASS           desplazar e ir al estado 13
    BREAK          desplazar e ir al estado 14
    MENOS          desplazar e ir al estado 15
    MAS            desplazar e ir al estado 16
    ENTERO         desplazar e ir al estado 18
    FLOTANTE       desplazar e ir al estado 19
    INDENT         desplazar e ir al estado 161

    simple_stmt    ir al estado 162
    small_stmt     ir al estado 24
    expr_stmt      ir al estado 25
    print_stmt     ir al estado 26
    del_stmt       ir al estado 27
    pass_stmt      ir al estado 28
    flow_stmt      ir al estado 29
    break_stmt     ir al estado 30
    continue_stmt  ir al estado 31
    return_stmt    ir al estado 32
    suite          ir al estado 174
    test           ir al estado 39
    or_test        ir al estado 40
    and_test       ir al estado 41
    not_test       ir al estado 42
    comparison     ir al estado 43
    expr           ir al estado 44
    xor_expr       ir al estado 45
    and_expr       ir al estado 46
    shift_expr     ir al estado 47
    arith_expr     ir al estado 48
    ae_aux         ir al estado 49
    term           ir al estado 50
    factor         ir al estado 51
    atom           ir al estado 52


State 170

   60 suite: INDENT stmt . suite_aux DEDENT

    STRING         desplazar e ir al estado 1
    IDENTIFICADOR  desplazar e ir al estado 2
    PRINT          desplazar e ir al estado 3
    FALSE          desplazar e ir al estado 4
    RETURN         desplazar e ir al estado 5
    CONTINUE       desplazar e ir al estado 6
    FOR            desplazar e ir al estado 7
    TRUE           desplazar e ir al estado 8
    WHILE          desplazar e ir al estado 9
    DEL            desplazar e ir al estado 10
    NOT            desplazar e ir al estado 11
    IF             desplazar e ir al estado 12
    PASS           desplazar e ir al estado 13
    BREAK          desplazar e ir al estado 14
    MENOS          desplazar e ir al estado 15
    MAS            desplazar e ir al estado 16
    ENTERO         desplazar e ir al estado 18
    FLOTANTE       desplazar e ir al estado 19

    $default  reduce usando la regla 62 (suite_aux)

    stmt             ir al estado 175
    simple_stmt      ir al estado 23
    small_stmt       ir al estado 24
    expr_stmt        ir al estado 25
    print_stmt       ir al estado 26
    del_stmt         ir al estado 27
    pass_stmt        ir al estado 28
    flow_stmt        ir al estado 29
    break_stmt       ir al estado 30
    continue_stmt    ir al estado 31
    return_stmt      ir al estado 32
    compound_stmt    ir al estado 33
    if_stmt          ir al estado 34
    while_stmt       ir al estado 35
    while_else_stmt  ir al estado 36
    for_stmt         ir al estado 37
    for_else_stmt    ir al estado 38
    suite_aux        ir al estado 176
    test             ir al estado 39
    or_test          ir al estado 40
    and_test         ir al estado 41
    not_test         ir al estado 42
    comparison       ir al estado 43
    expr             ir al estado 44
    xor_expr         ir al estado 45
    and_expr         ir al estado 46
    shift_expr       ir al estado 47
    arith_expr       ir al estado 48
    ae_aux           ir al estado 49
    term             ir al estado 50
    factor           ir al estado 51
    atom             ir al estado 52


State 171

   51 if_stmt_aux: ELIF . test DPUNTO NEWLINE suite if_stmt_aux

    STRING         desplazar e ir al estado 1
    IDENTIFICADOR  desplazar e ir al estado 67
    FALSE          desplazar e ir al estado 4
    TRUE           desplazar e ir al estado 8
    NOT            desplazar e ir al estado 11
    MENOS          desplazar e ir al estado 15
    MAS            desplazar e ir al estado 16
    ENTERO         desplazar e ir al estado 18
    FLOTANTE       desplazar e ir al estado 19

    test        ir al estado 177
    or_test     ir al estado 40
    and_test    ir al estado 41
    not_test    ir al estado 42
    comparison  ir al estado 43
    expr        ir al estado 44
    xor_expr    ir al estado 45
    and_expr    ir al estado 46
    shift_expr  ir al estado 47
    arith_expr  ir al estado 48
    ae_aux      ir al estado 49
    term        ir al estado 50
    factor      ir al estado 51
    atom        ir al estado 52


State 172

   49 if_stmt: IF test DPUNTO NEWLINE suite if_stmt_aux .

    $default  reduce usando la regla 49 (if_stmt)


State 173

  122 r2: COMA test . r2

    COMA  desplazar e ir al estado 166

    $default  reduce usando la regla 123 (r2)

    r2  ir al estado 178


State 174

   57 for_stmt: FOR IDENTIFICADOR IN testlist DPUNTO NEWLINE suite .

    $default  reduce usando la regla 57 (for_stmt)


State 175

   61 suite_aux: stmt . suite_aux

    STRING         desplazar e ir al estado 1
    IDENTIFICADOR  desplazar e ir al estado 2
    PRINT          desplazar e ir al estado 3
    FALSE          desplazar e ir al estado 4
    RETURN         desplazar e ir al estado 5
    CONTINUE       desplazar e ir al estado 6
    FOR            desplazar e ir al estado 7
    TRUE           desplazar e ir al estado 8
    WHILE          desplazar e ir al estado 9
    DEL            desplazar e ir al estado 10
    NOT            desplazar e ir al estado 11
    IF             desplazar e ir al estado 12
    PASS           desplazar e ir al estado 13
    BREAK          desplazar e ir al estado 14
    MENOS          desplazar e ir al estado 15
    MAS            desplazar e ir al estado 16
    ENTERO         desplazar e ir al estado 18
    FLOTANTE       desplazar e ir al estado 19

    $default  reduce usando la regla 62 (suite_aux)

    stmt             ir al estado 175
    simple_stmt      ir al estado 23
    small_stmt       ir al estado 24
    expr_stmt        ir al estado 25
    print_stmt       ir al estado 26
    del_stmt         ir al estado 27
    pass_stmt        ir al estado 28
    flow_stmt        ir al estado 29
    break_stmt       ir al estado 30
    continue_stmt    ir al estado 31
    return_stmt      ir al estado 32
    compound_stmt    ir al estado 33
    if_stmt          ir al estado 34
    while_stmt       ir al estado 35
    while_else_stmt  ir al estado 36
    for_stmt         ir al estado 37
    for_else_stmt    ir al estado 38
    suite_aux        ir al estado 179
    test             ir al estado 39
    or_test          ir al estado 40
    and_test         ir al estado 41
    not_test         ir al estado 42
    comparison       ir al estado 43
    expr             ir al estado 44
    xor_expr         ir al estado 45
    and_expr         ir al estado 46
    shift_expr       ir al estado 47
    arith_expr       ir al estado 48
    ae_aux           ir al estado 49
    term             ir al estado 50
    factor           ir al estado 51
    atom             ir al estado 52


State 176

   60 suite: INDENT stmt suite_aux . DEDENT

    DEDENT  desplazar e ir al estado 180


State 177

   51 if_stmt_aux: ELIF test . DPUNTO NEWLINE suite if_stmt_aux

    DPUNTO  desplazar e ir al estado 181


State 178

  122 r2: COMA test r2 .

    $default  reduce usando la regla 122 (r2)


State 179

   61 suite_aux: stmt suite_aux .

    $default  reduce usando la regla 61 (suite_aux)


State 180

   60 suite: INDENT stmt suite_aux DEDENT .

    $default  reduce usando la regla 60 (suite)


State 181

   51 if_stmt_aux: ELIF test DPUNTO . NEWLINE suite if_stmt_aux

    NEWLINE  desplazar e ir al estado 182


State 182

   51 if_stmt_aux: ELIF test DPUNTO NEWLINE . suite if_stmt_aux

    STRING         desplazar e ir al estado 1
    IDENTIFICADOR  desplazar e ir al estado 2
    PRINT          desplazar e ir al estado 3
    FALSE          desplazar e ir al estado 4
    RETURN         desplazar e ir al estado 5
    CONTINUE       desplazar e ir al estado 6
    TRUE           desplazar e ir al estado 8
    DEL            desplazar e ir al estado 10
    NOT            desplazar e ir al estado 11
    PASS           desplazar e ir al estado 13
    BREAK          desplazar e ir al estado 14
    MENOS          desplazar e ir al estado 15
    MAS            desplazar e ir al estado 16
    ENTERO         desplazar e ir al estado 18
    FLOTANTE       desplazar e ir al estado 19
    INDENT         desplazar e ir al estado 161

    simple_stmt    ir al estado 162
    small_stmt     ir al estado 24
    expr_stmt      ir al estado 25
    print_stmt     ir al estado 26
    del_stmt       ir al estado 27
    pass_stmt      ir al estado 28
    flow_stmt      ir al estado 29
    break_stmt     ir al estado 30
    continue_stmt  ir al estado 31
    return_stmt    ir al estado 32
    suite          ir al estado 183
    test           ir al estado 39
    or_test        ir al estado 40
    and_test       ir al estado 41
    not_test       ir al estado 42
    comparison     ir al estado 43
    expr           ir al estado 44
    xor_expr       ir al estado 45
    and_expr       ir al estado 46
    shift_expr     ir al estado 47
    arith_expr     ir al estado 48
    ae_aux         ir al estado 49
    term           ir al estado 50
    factor         ir al estado 51
    atom           ir al estado 52


State 183

   51 if_stmt_aux: ELIF test DPUNTO NEWLINE suite . if_stmt_aux

    ELIF  desplazar e ir al estado 171

    $default  reduce usando la regla 52 (if_stmt_aux)

    if_stmt_aux  ir al estado 184


State 184

   51 if_stmt_aux: ELIF test DPUNTO NEWLINE suite if_stmt_aux .

    $default  reduce usando la regla 51 (if_stmt_aux)
